Using pre-set license
Built from '2020.3/staging' branch; Version is '2020.3.8f1 (507919d4fff5) revision 5273881'; Using compiler version '192528614'; Build Type 'Release'
OS: 'Windows 10 Pro; OS build 19044.1526; Version 2009; 64bit' Language: 'de' Physical Memory: 16334 MB
BatchMode: 1, IsHumanControllingUs: 0, StartBugReporterOnCrash: 0, Is64bit: 1, IsPro: 0

 COMMAND LINE ARGUMENTS:
C:\Program Files\Unity\Hub\Editor\2020.3.8f1\Editor\Unity.exe
-adb2
-batchMode
-noUpm
-name
AssetImportWorker0
-projectPath
C:/Users/Jeyem/Desktop/GameDev/The Igra/The Igra
-logFile
Logs/AssetImportWorker0.log
-srvPort
51233
Successfully changed project path to: C:/Users/Jeyem/Desktop/GameDev/The Igra/The Igra
C:/Users/Jeyem/Desktop/GameDev/The Igra/The Igra
Using Asset Import Pipeline V2.
Refreshing native plugins compatible for Editor in 43.82 ms, found 0 plugins.
Preloading 0 native plugins for Editor in 0.00 ms.
Initialize engine version: 2020.3.8f1 (507919d4fff5)
[Subsystems] Discovering subsystems at path C:/Program Files/Unity/Hub/Editor/2020.3.8f1/Editor/Data/Resources/UnitySubsystems
[Subsystems] Discovering subsystems at path C:/Users/Jeyem/Desktop/GameDev/The Igra/The Igra/Assets
GfxDevice: creating device client; threaded=0
Direct3D:
    Version:  Direct3D 11.0 [level 11.1]
    Renderer: AMD Radeon RX 5700 (ID=0x731f)
    Vendor:   
    VRAM:     8151 MB
    Driver:   30.0.14029.5006
Shader 'Universal Render Pipeline/Particles/Lit': fallback shader 'Universal Render Pipeline/Particles/SimpleLit' not found
Initialize mono
Mono path[0] = 'C:/Program Files/Unity/Hub/Editor/2020.3.8f1/Editor/Data/Managed'
Mono path[1] = 'C:/Program Files/Unity/Hub/Editor/2020.3.8f1/Editor/Data/MonoBleedingEdge/lib/mono/unityjit'
Mono config path = 'C:/Program Files/Unity/Hub/Editor/2020.3.8f1/Editor/Data/MonoBleedingEdge/etc'
Using monoOptions --debugger-agent=transport=dt_socket,embedding=1,server=y,suspend=n,address=127.0.0.1:56428
Begin MonoManager ReloadAssembly
Registering precompiled unity dll's ...
Register platform support module: C:/Program Files/Unity/Hub/Editor/2020.3.8f1/Editor/Data/PlaybackEngines/WebGLSupport/UnityEditor.WebGL.Extensions.dll
Register platform support module: C:/Program Files/Unity/Hub/Editor/2020.3.8f1/Editor/Data/PlaybackEngines/WindowsStandaloneSupport/UnityEditor.WindowsStandalone.Extensions.dll
Registered in 0.002447 seconds.
Native extension for WindowsStandalone target not found
Native extension for WebGL target not found
Refreshing native plugins compatible for Editor in 42.90 ms, found 0 plugins.
Preloading 0 native plugins for Editor in 0.00 ms.
Mono: successfully reloaded assembly
- Completed reload, in  1.712 seconds
Platform modules already initialized, skipping
Registering precompiled user dll's ...
Registered in 0.001171 seconds.
Begin MonoManager ReloadAssembly
Native extension for WindowsStandalone target not found
Native extension for WebGL target not found
Refreshing native plugins compatible for Editor in 41.59 ms, found 0 plugins.
Preloading 0 native plugins for Editor in 0.00 ms.
Mono: successfully reloaded assembly
- Completed reload, in  0.839 seconds
Platform modules already initialized, skipping
========================================================================
Worker process is ready to serve import requests
Shader 'Universal Render Pipeline/Particles/Lit': fallback shader 'Universal Render Pipeline/Particles/SimpleLit' not found
Launched and connected shader compiler UnityShaderCompiler.exe after 0.07 seconds
Refreshing native plugins compatible for Editor in 0.52 ms, found 0 plugins.
Preloading 0 native plugins for Editor in 0.00 ms.
Unloading 2368 Unused Serialized files (Serialized files now loaded: 0)
System memory in use before: 104.2 MB.
System memory in use after: 104.3 MB.

Unloading 11 unused Assets to reduce memory usage. Loaded Objects now: 2810.
Total: 2.588800 ms (FindLiveObjects: 0.303500 ms CreateObjectMapping: 0.066100 ms MarkObjects: 2.126300 ms  DeleteObjects: 0.091600 ms)

========================================================================
Received Import Request.
  path: Assets/Scenes
  artifactKey: Guid(a32d72995ba240c429c83211dbd1e3c9) Importer(815301076,1909f56bfc062723c751e8b465ee728b)
Start importing Assets/Scenes using Guid(a32d72995ba240c429c83211dbd1e3c9) Importer(815301076,1909f56bfc062723c751e8b465ee728b)  -> (artifact id: 'b00fe9903fe7150fa63256fc5e58fc8e') in 0.010800 seconds
  Import took 0.014953 seconds .

========================================================================
Received Import Request.
  Time since last request: 0.000181 seconds.
  path: Assets/Scenes/SampleScene.unity
  artifactKey: Guid(9fc0d4010bbf28b4594072e72b8655ab) Importer(815301076,1909f56bfc062723c751e8b465ee728b)
Start importing Assets/Scenes/SampleScene.unity using Guid(9fc0d4010bbf28b4594072e72b8655ab) Importer(815301076,1909f56bfc062723c751e8b465ee728b)  -> (artifact id: '0f564587ad574db15024e4df73677df7') in 0.014144 seconds
  Import took 0.017759 seconds .

========================================================================
Received Import Request.
  Time since last request: 7.806061 seconds.
  path: Assets/Prefabs
  artifactKey: Guid(52e6379a28710594da0e458217d77410) Importer(815301076,1909f56bfc062723c751e8b465ee728b)
Start importing Assets/Prefabs using Guid(52e6379a28710594da0e458217d77410) Importer(815301076,1909f56bfc062723c751e8b465ee728b)  -> (artifact id: '1a976746756c5ca4eb9034a8e61908fe') in 0.008967 seconds
  Import took 0.013433 seconds .

========================================================================
Received Import Request.
  Time since last request: 4.283813 seconds.
  path: Assets/Audio
  artifactKey: Guid(71261146725e2bc42bf721acfedc9e1f) Importer(815301076,1909f56bfc062723c751e8b465ee728b)
Start importing Assets/Audio using Guid(71261146725e2bc42bf721acfedc9e1f) Importer(815301076,1909f56bfc062723c751e8b465ee728b)  -> (artifact id: '11647a3c1abde3d4e332b8818746c9d6') in 0.008848 seconds
  Import took 0.012712 seconds .

========================================================================
Received Import Request.
  Time since last request: 7.679060 seconds.
  path: Assets/Asset Unlock - 3D Prototyping/Character
  artifactKey: Guid(3a20802af58fe314788ebb97f8316420) Importer(815301076,1909f56bfc062723c751e8b465ee728b)
Start importing Assets/Asset Unlock - 3D Prototyping/Character using Guid(3a20802af58fe314788ebb97f8316420) Importer(815301076,1909f56bfc062723c751e8b465ee728b)  -> (artifact id: '9f017e6660ac21ff274f26abb5cf9a6c') in 0.006975 seconds
  Import took 0.010715 seconds .

========================================================================
Received Import Request.
  Time since last request: 0.937677 seconds.
  path: Assets/Asset Unlock - 3D Prototyping/Character/Animations
  artifactKey: Guid(fc3ac7ce6c4002048a166aab1b65faf5) Importer(815301076,1909f56bfc062723c751e8b465ee728b)
Start importing Assets/Asset Unlock - 3D Prototyping/Character/Animations using Guid(fc3ac7ce6c4002048a166aab1b65faf5) Importer(815301076,1909f56bfc062723c751e8b465ee728b)  -> (artifact id: 'e0dfceca73ff4cad4ce64cb9ab56962d') in 0.007394 seconds
  Import took 0.011539 seconds .

========================================================================
Received Import Request.
  Time since last request: 0.000650 seconds.
  path: Assets/Asset Unlock - 3D Prototyping/Character/Animations
  artifactKey: Guid(fc3ac7ce6c4002048a166aab1b65faf5) Importer(815301076,1909f56bfc062723c751e8b465ee728b)
Start importing Assets/Asset Unlock - 3D Prototyping/Character/Animations using Guid(fc3ac7ce6c4002048a166aab1b65faf5) Importer(815301076,1909f56bfc062723c751e8b465ee728b)  -> (artifact id: 'e0dfceca73ff4cad4ce64cb9ab56962d') in 0.002459 seconds
  Import took 0.006447 seconds .

========================================================================
Received Import Request.
  Time since last request: 0.242433 seconds.
  path: Assets/Asset Unlock - 3D Prototyping/Character/Animations/Player@Header.fbx
  artifactKey: Guid(bdd7a3a8eb93a8d4da95e93dc477be06) Importer(815301076,1909f56bfc062723c751e8b465ee728b)
Start importing Assets/Asset Unlock - 3D Prototyping/Character/Animations/Player@Header.fbx using Guid(bdd7a3a8eb93a8d4da95e93dc477be06) Importer(815301076,1909f56bfc062723c751e8b465ee728b)  -> (artifact id: '8f7a08de66dc9a3d0c17c0b44517cddd') in 0.930640 seconds
  Import took 0.935260 seconds .

========================================================================
Received Import Request.
  Time since last request: 0.000213 seconds.
  path: Assets/Asset Unlock - 3D Prototyping/Character/Animations/Player@Run_Right.fbx
  artifactKey: Guid(4ef226e844d868d459dcccd09e0d00a8) Importer(815301076,1909f56bfc062723c751e8b465ee728b)
Start importing Assets/Asset Unlock - 3D Prototyping/Character/Animations/Player@Run_Right.fbx using Guid(4ef226e844d868d459dcccd09e0d00a8) Importer(815301076,1909f56bfc062723c751e8b465ee728b)  -> (artifact id: '91e04ad1260ae4b43a57e223dc671da4') in 0.029277 seconds
  Import took 0.033122 seconds .

========================================================================
Received Import Request.
  Time since last request: 0.000208 seconds.
  path: Assets/Asset Unlock - 3D Prototyping/Character/Animations/Player@Jump.fbx
  artifactKey: Guid(6392f929f64b987439d2b17c1782d7b7) Importer(815301076,1909f56bfc062723c751e8b465ee728b)
Start importing Assets/Asset Unlock - 3D Prototyping/Character/Animations/Player@Jump.fbx using Guid(6392f929f64b987439d2b17c1782d7b7) Importer(815301076,1909f56bfc062723c751e8b465ee728b)  -> (artifact id: 'ad6a3e700cdae6c78b3b97732af2e412') in 0.026513 seconds
  Import took 0.030452 seconds .

========================================================================
Received Import Request.
  Time since last request: 0.000182 seconds.
  path: Assets/Asset Unlock - 3D Prototyping/Character/Animations/Player@Run_Left.fbx
  artifactKey: Guid(82d61625b242c0648b53f530255fdf2c) Importer(815301076,1909f56bfc062723c751e8b465ee728b)
Start importing Assets/Asset Unlock - 3D Prototyping/Character/Animations/Player@Run_Left.fbx using Guid(82d61625b242c0648b53f530255fdf2c) Importer(815301076,1909f56bfc062723c751e8b465ee728b)  -> (artifact id: '5174c3c92d38bb58609741f25164fd16') in 0.025877 seconds
  Import took 0.029789 seconds .

========================================================================
Received Import Request.
  Time since last request: 0.000158 seconds.
  path: Assets/Asset Unlock - 3D Prototyping/Character/Animations/Player@Idle.fbx
  artifactKey: Guid(dece7404437a30844b0b814733705635) Importer(815301076,1909f56bfc062723c751e8b465ee728b)
Start importing Assets/Asset Unlock - 3D Prototyping/Character/Animations/Player@Idle.fbx using Guid(dece7404437a30844b0b814733705635) Importer(815301076,1909f56bfc062723c751e8b465ee728b)  -> (artifact id: 'e89e74d58fd11dfad69592dc44c72f33') in 0.027256 seconds
  Import took 0.031461 seconds .

========================================================================
Received Import Request.
  Time since last request: 0.000182 seconds.
  path: Assets/Asset Unlock - 3D Prototyping/Character/Animations/Player@Run.fbx
  artifactKey: Guid(e34fa8afc9a55ed4bacccda1cd9aa7b4) Importer(815301076,1909f56bfc062723c751e8b465ee728b)
Start importing Assets/Asset Unlock - 3D Prototyping/Character/Animations/Player@Run.fbx using Guid(e34fa8afc9a55ed4bacccda1cd9aa7b4) Importer(815301076,1909f56bfc062723c751e8b465ee728b)  -> (artifact id: '9cb1c49d4a73ef9ce63e3478675f3da2') in 0.028467 seconds
  Import took 0.032399 seconds .

========================================================================
Received Import Request.
  Time since last request: 0.000184 seconds.
  path: Assets/Asset Unlock - 3D Prototyping/Character/Animations/Player@Run_BckWrd.fbx
  artifactKey: Guid(f5d5fb87657e160439520b9506935117) Importer(815301076,1909f56bfc062723c751e8b465ee728b)
Start importing Assets/Asset Unlock - 3D Prototyping/Character/Animations/Player@Run_BckWrd.fbx using Guid(f5d5fb87657e160439520b9506935117) Importer(815301076,1909f56bfc062723c751e8b465ee728b)  -> (artifact id: '25c3cb480bb5e661de56f0f322556231') in 0.025351 seconds
  Import took 0.029095 seconds .

========================================================================
Received Import Request.
  Time since last request: 51.849371 seconds.
  path: Assets/Unity Asset Unlocks - Kitchen
  artifactKey: Guid(edff2a77d8003e44e8fe6913df499874) Importer(815301076,1909f56bfc062723c751e8b465ee728b)
Start importing Assets/Unity Asset Unlocks - Kitchen using Guid(edff2a77d8003e44e8fe6913df499874) Importer(815301076,1909f56bfc062723c751e8b465ee728b)  -> (artifact id: '763b52657111462efa2490cdca7431ac') in 0.006715 seconds
  Import took 0.010483 seconds .

========================================================================
Received Import Request.
  Time since last request: 0.051363 seconds.
  path: Assets/Unity Asset Unlocks - Kitchen/Character.prefab
  artifactKey: Guid(6ca000ead671ebe449deb210e0a19be8) Importer(815301076,1909f56bfc062723c751e8b465ee728b)
Start importing Assets/Unity Asset Unlocks - Kitchen/Character.prefab using Guid(6ca000ead671ebe449deb210e0a19be8) Importer(815301076,1909f56bfc062723c751e8b465ee728b)  -> (artifact id: '8e3deb19d412d789a36fccc1cab19778') in 0.013837 seconds
  Import took 0.017908 seconds .

========================================================================
Received Import Request.
  Time since last request: 0.000167 seconds.
  path: Assets/Unity Asset Unlocks - Kitchen/ExampleEnvironment.prefab
  artifactKey: Guid(37dc3ec28fbab5646b7c91990e054cdb) Importer(815301076,1909f56bfc062723c751e8b465ee728b)
Start importing Assets/Unity Asset Unlocks - Kitchen/ExampleEnvironment.prefab using Guid(37dc3ec28fbab5646b7c91990e054cdb) Importer(815301076,1909f56bfc062723c751e8b465ee728b)  -> (artifact id: '235a1465041432f9f3bbcaa93df779aa') in 0.048633 seconds
  Import took 0.054527 seconds .

========================================================================
Received Import Request.
  Time since last request: 34.558606 seconds.
  path: Assets/Unity Asset Unlocks - Kitchen/ExampleEnvironment.prefab
  artifactKey: Guid(37dc3ec28fbab5646b7c91990e054cdb) Importer(815301076,1909f56bfc062723c751e8b465ee728b)
Start importing Assets/Unity Asset Unlocks - Kitchen/ExampleEnvironment.prefab using Guid(37dc3ec28fbab5646b7c91990e054cdb) Importer(815301076,1909f56bfc062723c751e8b465ee728b)  -> (artifact id: 'd1cec065c0cd7350646c8df8d9c5e68a') in 0.040791 seconds
  Import took 0.046509 seconds .

========================================================================
Received Import Request.
  Time since last request: 0.923857 seconds.
  path: Assets/Unity Asset Unlocks - Kitchen/ExampleEnvironment.prefab
  artifactKey: Guid(37dc3ec28fbab5646b7c91990e054cdb) Importer(815301076,1909f56bfc062723c751e8b465ee728b)
Start importing Assets/Unity Asset Unlocks - Kitchen/ExampleEnvironment.prefab using Guid(37dc3ec28fbab5646b7c91990e054cdb) Importer(815301076,1909f56bfc062723c751e8b465ee728b)  -> (artifact id: '614ce5d4b0d8623c19b37b20f9122739') in 0.037941 seconds
  Import took 0.044381 seconds .

========================================================================
Received Import Request.
  Time since last request: 0.963090 seconds.
  path: Assets/Unity Asset Unlocks - Kitchen/ExampleEnvironment.prefab
  artifactKey: Guid(37dc3ec28fbab5646b7c91990e054cdb) Importer(815301076,1909f56bfc062723c751e8b465ee728b)
Start importing Assets/Unity Asset Unlocks - Kitchen/ExampleEnvironment.prefab using Guid(37dc3ec28fbab5646b7c91990e054cdb) Importer(815301076,1909f56bfc062723c751e8b465ee728b)  -> (artifact id: '9fc702a20e6bf5a895ffeaea65082f3b') in 0.033182 seconds
  Import took 0.039149 seconds .

========================================================================
Received Import Request.
  Time since last request: 0.979588 seconds.
  path: Assets/Unity Asset Unlocks - Kitchen/ExampleEnvironment.prefab
  artifactKey: Guid(37dc3ec28fbab5646b7c91990e054cdb) Importer(815301076,1909f56bfc062723c751e8b465ee728b)
Start importing Assets/Unity Asset Unlocks - Kitchen/ExampleEnvironment.prefab using Guid(37dc3ec28fbab5646b7c91990e054cdb) Importer(815301076,1909f56bfc062723c751e8b465ee728b)  -> (artifact id: '025163deba873b8621e58f2eea90878d') in 0.031720 seconds
  Import took 0.037146 seconds .

========================================================================
Received Import Request.
  Time since last request: 17.051793 seconds.
  path: Assets/Unity Asset Unlocks - Kitchen/ExampleEnvironment.prefab
  artifactKey: Guid(37dc3ec28fbab5646b7c91990e054cdb) Importer(815301076,1909f56bfc062723c751e8b465ee728b)
Start importing Assets/Unity Asset Unlocks - Kitchen/ExampleEnvironment.prefab using Guid(37dc3ec28fbab5646b7c91990e054cdb) Importer(815301076,1909f56bfc062723c751e8b465ee728b)  -> (artifact id: 'd548f5149069407632cca6b40830134a') in 0.033135 seconds
  Import took 0.039164 seconds .

========================================================================
Received Prepare
Switching render pipeline 472f49eb19962e34184eceef7a576200 -> 00000000000000000000000000000000
Shader 'Universal Render Pipeline/Particles/Lit': fallback shader 'Universal Render Pipeline/Particles/SimpleLit' not found
Refreshing native plugins compatible for Editor in 1.18 ms, found 0 plugins.
Preloading 0 native plugins for Editor in 0.00 ms.
Unloading 4 Unused Serialized files (Serialized files now loaded: 0)
System memory in use before: 72.1 MB.
System memory in use after: 72.3 MB.

Unloading 67 unused Assets to reduce memory usage. Loaded Objects now: 2855.
Total: 3.368600 ms (FindLiveObjects: 0.311400 ms CreateObjectMapping: 0.067200 ms MarkObjects: 2.330600 ms  DeleteObjects: 0.658400 ms)

========================================================================
Received Import Request.
  Time since last request: 48.082301 seconds.
  path: Assets/Scripts
  artifactKey: Guid(de87aa804b33d4b46b64f978dec72dc2) Importer(815301076,1909f56bfc062723c751e8b465ee728b)
Start importing Assets/Scripts using Guid(de87aa804b33d4b46b64f978dec72dc2) Importer(815301076,1909f56bfc062723c751e8b465ee728b)  -> (artifact id: '8fc9c9aea65a28dcf977b42c038e87b9') in 0.007336 seconds
  Import took 0.011559 seconds .

AssetImportWorkerClient::OnTransportError - code=2 error=End of file
